<?xml version="1.0" encoding="UTF-8"?>
<!-- Generated by org.testng.reporters.JUnitXMLReporter -->
<testsuite hostname="Nandana" ignored="4" name="Test" tests="1" failures="0" timestamp="24 Aug 2018 14:53:42 GMT" time="51.657" errors="0">
  <testcase name="qshLink" time="35.835" classname="com.bugzilla.testcases.QuickSearchHelpLinkTest"/>
  <testcase name="FileaBugPage" time="0.0" classname="com.bugzilla.testcases.FileaBugTest">
    <ignored/>
  </testcase> <!-- FileaBugPage -->
  <testcase name="fileUpLoad" time="0.0" classname="com.bugzilla.testcases.FileUploadTest">
    <ignored/>
  </testcase> <!-- fileUpLoad -->
  <testcase name="demotesting" time="0.0" classname="com.bugzilla.testcases.DemoTest">
    <ignored/>
  </testcase> <!-- demotesting -->
  <testcase name="loginTest" time="0.0" classname="com.bugzilla.testcases.LoginTest">
    <ignored/>
  </testcase> <!-- loginTest -->
</testsuite> <!-- Test -->
