<?xml version="1.0" encoding="UTF-8"?>
<!-- Generated by org.testng.reporters.JUnitXMLReporter -->
<testsuite hostname="Nandana" ignored="2" name="Test1" tests="1" failures="0" timestamp="08 Aug 2018 18:30:41 GMT" time="28.206" errors="0">
  <testcase name="FileaBugPage" time="9.177" classname="com.bugzilla.testcases.FileaBugTest"/>
  <testcase name="qshLink" time="0.0" classname="com.bugzilla.testcases.QuickSearchHelpLinkTest">
    <ignored/>
  </testcase> <!-- qshLink -->
  <testcase name="loginTest" time="0.0" classname="com.bugzilla.testcases.LoginTest">
    <ignored/>
  </testcase> <!-- loginTest -->
</testsuite> <!-- Test1 -->
