<?xml version="1.0" encoding="UTF-8"?>
<testng-results skipped="0" failed="0" ignored="4" total="5" passed="1">
  <reporter-output>
  </reporter-output>
  <suite name="Suite" duration-ms="51657" started-at="2018-08-24T14:52:51Z" finished-at="2018-08-24T14:53:42Z">
    <groups>
    </groups>
    <test name="Test" duration-ms="51657" started-at="2018-08-24T14:52:51Z" finished-at="2018-08-24T14:53:42Z">
      <class name="com.bugzilla.testcases.QuickSearchHelpLinkTest">
        <test-method status="PASS" signature="startUp(java.lang.String)[pri:0, instance:com.bugzilla.testcases.QuickSearchHelpLinkTest@74a10858]" name="startUp" is-config="true" duration-ms="13135" started-at="2018-08-24T14:52:51Z" finished-at="2018-08-24T14:53:04Z">
          <params>
            <param index="0">
              <value>
                <![CDATA[firefox]]>
              </value>
            </param>
          </params>
          <reporter-output>
          </reporter-output>
        </test-method> <!-- startUp -->
        <test-method status="PASS" signature="qshLink()[pri:0, instance:com.bugzilla.testcases.QuickSearchHelpLinkTest@74a10858]" name="qshLink" duration-ms="35835" started-at="2018-08-24T14:53:04Z" finished-at="2018-08-24T14:53:40Z">
          <reporter-output>
          </reporter-output>
        </test-method> <!-- qshLink -->
        <test-method status="PASS" signature="tearDown()[pri:0, instance:com.bugzilla.testcases.QuickSearchHelpLinkTest@74a10858]" name="tearDown" is-config="true" duration-ms="2618" started-at="2018-08-24T14:53:40Z" finished-at="2018-08-24T14:53:42Z">
          <reporter-output>
          </reporter-output>
        </test-method> <!-- tearDown -->
      </class> <!-- com.bugzilla.testcases.QuickSearchHelpLinkTest -->
    </test> <!-- Test -->
  </suite> <!-- Suite -->
</testng-results>
